# JRE version: OpenJDK Runtime Environment Temurin-21.0.4+7 (21.0.4+7) (build 21.0.4+7-LTS)
# Java VM: OpenJDK 64-Bit Server VM Temurin-21.0.4+7 (21.0.4+7-LTS, mixed mode, sharing, tiered, compressed oops, compressed class ptrs, g1 gc, windows-amd64)
GC Precious Log:
 CardTable entry size: 512
 Card Set container configuration: InlinePtr #cards 4 size 8 Array Of Cards #cards 16 size 48 Howl #buckets 8 coarsen threshold 3686 Howl Bitmap #cards 512 size 80 coarsen threshold 460 Card regions per heap region 1 cards per card region 4096
 CPUs: 4 total, 4 available
 Memory: 3783M
 Large Page Support: Disabled
 NUMA Support: Disabled
 Compressed Oops: Enabled (Zero based)
 Heap Region Size: 2M
 Heap Min Capacity: 8M
 Heap Initial Capacity: 60M
 Heap Max Capacity: 4G
 Pre-touch: Disabled
 Parallel Workers: 4
 Concurrent Workers: 1
 Concurrent Refinement Workers: 4
 Periodic GC: Disabled
Heap:
 garbage-first heap   total 116736K, used 91812K [0x0000000700000000, 0x0000000800000000)
  region size 2048K, 15 young (30720K), 3 survivors (6144K)
 Metaspace       used 68297K, committed 70336K, reserved 1114112K
  class space    used 9736K, committed 10752K, reserved 1048576K
GC Heap History (20 events):
Event: 45.027 GC heap before
{Heap before GC invocations=27 (full 0):
 garbage-first heap   total 71680K, used 57785K [0x0000000700000000, 0x0000000800000000)
  region size 2048K, 10 young (20480K), 2 survivors (4096K)
 Metaspace       used 50686K, committed 52480K, reserved 1114112K
  class space    used 7274K, committed 8192K, reserved 1048576K
}
Event: 45.034 GC heap after
{Heap after GC invocations=28 (full 0):
 garbage-first heap   total 71680K, used 45202K [0x0000000700000000, 0x0000000800000000)
  region size 2048K, 1 young (2048K), 1 survivors (2048K)
 Metaspace       used 50686K, committed 52480K, reserved 1114112K
  class space    used 7274K, committed 8192K, reserved 1048576K
}
Event: 46.509 GC heap before
{Heap before GC invocations=29 (full 0):
 garbage-first heap   total 79872K, used 59538K [0x0000000700000000, 0x0000000800000000)
  region size 2048K, 9 young (18432K), 1 survivors (2048K)
 Metaspace       used 51416K, committed 53248K, reserved 1114112K
  class space    used 7381K, committed 8256K, reserved 1048576K
}
Event: 46.514 GC heap after
{Heap after GC invocations=30 (full 0):
 garbage-first heap   total 79872K, used 46188K [0x0000000700000000, 0x0000000800000000)
  region size 2048K, 2 young (4096K), 2 survivors (4096K)
 Metaspace       used 51416K, committed 53248K, reserved 1114112K
  class space    used 7381K, committed 8256K, reserved 1048576K
}
Event: 47.794 GC heap before
{Heap before GC invocations=30 (full 0):
 garbage-first heap   total 79872K, used 66668K [0x0000000700000000, 0x0000000800000000)
  region size 2048K, 12 young (24576K), 2 survivors (4096K)
 Metaspace       used 53517K, committed 55424K, reserved 1114112K
  class space    used 7742K, committed 8640K, reserved 1048576K
}
Event: 47.801 GC heap after
{Heap after GC invocations=31 (full 0):
 garbage-first heap   total 79872K, used 46862K [0x0000000700000000, 0x0000000800000000)
  region size 2048K, 2 young (4096K), 2 survivors (4096K)
 Metaspace       used 53517K, committed 55424K, reserved 1114112K
  class space    used 7742K, committed 8640K, reserved 1048576K
}
Event: 48.364 GC heap before
{Heap before GC invocations=31 (full 0):
 garbage-first heap   total 79872K, used 57102K [0x0000000700000000, 0x0000000800000000)
  region size 2048K, 8 young (16384K), 2 survivors (4096K)
 Metaspace       used 54391K, committed 56320K, reserved 1114112K
  class space    used 7901K, committed 8832K, reserved 1048576K
}
Event: 48.369 GC heap after
{Heap after GC invocations=32 (full 0):
 garbage-first heap   total 79872K, used 47726K [0x0000000700000000, 0x0000000800000000)
  region size 2048K, 1 young (2048K), 1 survivors (2048K)
 Metaspace       used 54391K, committed 56320K, reserved 1114112K
  class space    used 7901K, committed 8832K, reserved 1048576K
}
Event: 50.778 GC heap before
{Heap before GC invocations=33 (full 0):
 garbage-first heap   total 90112K, used 74350K [0x0000000700000000, 0x0000000800000000)
  region size 2048K, 12 young (24576K), 1 survivors (2048K)
 Metaspace       used 57379K, committed 59328K, reserved 1114112K
  class space    used 8267K, committed 9216K, reserved 1048576K
}
Event: 50.783 GC heap after
{Heap after GC invocations=34 (full 0):
 garbage-first heap   total 90112K, used 53033K [0x0000000700000000, 0x0000000800000000)
  region size 2048K, 2 young (4096K), 2 survivors (4096K)
 Metaspace       used 57379K, committed 59328K, reserved 1114112K
  class space    used 8267K, committed 9216K, reserved 1048576K
}
Event: 52.584 GC heap before
{Heap before GC invocations=34 (full 0):
 garbage-first heap   total 90112K, used 85801K [0x0000000700000000, 0x0000000800000000)
  region size 2048K, 14 young (28672K), 2 survivors (4096K)
 Metaspace       used 59373K, committed 61312K, reserved 1114112K
  class space    used 8550K, committed 9536K, reserved 1048576K
}
Event: 52.594 GC heap after
{Heap after GC invocations=35 (full 0):
 garbage-first heap   total 94208K, used 63023K [0x0000000700000000, 0x0000000800000000)
  region size 2048K, 2 young (4096K), 2 survivors (4096K)
 Metaspace       used 59373K, committed 61312K, reserved 1114112K
  class space    used 8550K, committed 9536K, reserved 1048576K
}
Event: 53.454 GC heap before
{Heap before GC invocations=35 (full 0):
 garbage-first heap   total 94208K, used 83503K [0x0000000700000000, 0x0000000800000000)
  region size 2048K, 12 young (24576K), 2 survivors (4096K)
 Metaspace       used 61760K, committed 63744K, reserved 1114112K
  class space    used 8847K, committed 9856K, reserved 1048576K
}
Event: 53.460 GC heap after
{Heap after GC invocations=36 (full 0):
 garbage-first heap   total 94208K, used 63926K [0x0000000700000000, 0x0000000800000000)
  region size 2048K, 2 young (4096K), 2 survivors (4096K)
 Metaspace       used 61760K, committed 63744K, reserved 1114112K
  class space    used 8847K, committed 9856K, reserved 1048576K
}
Event: 54.249 GC heap before
{Heap before GC invocations=37 (full 0):
 garbage-first heap   total 110592K, used 80310K [0x0000000700000000, 0x0000000800000000)
  region size 2048K, 10 young (20480K), 2 survivors (4096K)
 Metaspace       used 62980K, committed 64896K, reserved 1114112K
  class space    used 9014K, committed 9984K, reserved 1048576K
}
Event: 54.260 GC heap after
{Heap after GC invocations=38 (full 0):
 garbage-first heap   total 110592K, used 65377K [0x0000000700000000, 0x0000000800000000)
  region size 2048K, 2 young (4096K), 2 survivors (4096K)
 Metaspace       used 62980K, committed 64896K, reserved 1114112K
  class space    used 9014K, committed 9984K, reserved 1048576K
}
Event: 56.404 GC heap before
{Heap before GC invocations=38 (full 0):
 garbage-first heap   total 110592K, used 94049K [0x0000000700000000, 0x0000000800000000)
  region size 2048K, 17 young (34816K), 2 survivors (4096K)
 Metaspace       used 64967K, committed 66944K, reserved 1114112K
  class space    used 9262K, committed 10240K, reserved 1048576K
}
Event: 56.413 GC heap after
{Heap after GC invocations=39 (full 0):
 garbage-first heap   total 110592K, used 66231K [0x0000000700000000, 0x0000000800000000)
  region size 2048K, 2 young (4096K), 2 survivors (4096K)
 Metaspace       used 64967K, committed 66944K, reserved 1114112K
  class space    used 9262K, committed 10240K, reserved 1048576K
}
Event: 57.875 GC heap before
{Heap before GC invocations=39 (full 0):
 garbage-first heap   total 110592K, used 94903K [0x0000000700000000, 0x0000000800000000)
  region size 2048K, 17 young (34816K), 2 survivors (4096K)
 Metaspace       used 66633K, committed 68608K, reserved 1114112K
  class space    used 9500K, committed 10496K, reserved 1048576K
}
Event: 57.883 GC heap after
{Heap after GC invocations=40 (full 0):
 garbage-first heap   total 110592K, used 69284K [0x0000000700000000, 0x0000000800000000)
  region size 2048K, 3 young (6144K), 3 survivors (6144K)
 Metaspace       used 66633K, committed 68608K, reserved 1114112K
  class space    used 9500K, committed 10496K, reserved 1048576K
}

