# JRE version: OpenJDK Runtime Environment Temurin-21.0.4+7 (21.0.4+7) (build 21.0.4+7-LTS)
# Java VM: OpenJDK 64-Bit Server VM Temurin-21.0.4+7 (21.0.4+7-LTS, mixed mode, sharing, tiered, compressed oops, compressed class ptrs, g1 gc, windows-amd64)
GC Precious Log:
 CardTable entry size: 512
 Card Set container configuration: InlinePtr #cards 4 size 8 Array Of Cards #cards 16 size 48 Howl #buckets 8 coarsen threshold 3686 Howl Bitmap #cards 512 size 80 coarsen threshold 460 Card regions per heap region 1 cards per card region 4096
 CPUs: 4 total, 4 available
 Memory: 3783M
 Large Page Support: Disabled
 NUMA Support: Disabled
 Compressed Oops: Enabled (Zero based)
 Heap Region Size: 2M
 Heap Min Capacity: 8M
 Heap Initial Capacity: 60M
 Heap Max Capacity: 4G
 Pre-touch: Disabled
 Parallel Workers: 4
 Concurrent Workers: 1
 Concurrent Refinement Workers: 4
 Periodic GC: Disabled
Heap:
 garbage-first heap   total 212992K, used 163379K [0x0000000700000000, 0x0000000800000000)
  region size 2048K, 21 young (43008K), 3 survivors (6144K)
 Metaspace       used 88581K, committed 91008K, reserved 1179648K
  class space    used 12394K, committed 13568K, reserved 1048576K
GC Heap History (20 events):
Event: 85.182 GC heap before
{Heap before GC invocations=50 (full 0):
 garbage-first heap   total 141312K, used 124080K [0x0000000700000000, 0x0000000800000000)
  region size 2048K, 23 young (47104K), 2 survivors (4096K)
 Metaspace       used 75071K, committed 77248K, reserved 1179648K
  class space    used 10723K, committed 11776K, reserved 1048576K
}
Event: 85.189 GC heap after
{Heap after GC invocations=51 (full 0):
 garbage-first heap   total 141312K, used 83839K [0x0000000700000000, 0x0000000800000000)
  region size 2048K, 3 young (6144K), 3 survivors (6144K)
 Metaspace       used 75071K, committed 77248K, reserved 1179648K
  class space    used 10723K, committed 11776K, reserved 1048576K
}
Event: 87.563 GC heap before
{Heap before GC invocations=51 (full 0):
 garbage-first heap   total 141312K, used 118655K [0x0000000700000000, 0x0000000800000000)
  region size 2048K, 22 young (45056K), 3 survivors (6144K)
 Metaspace       used 75101K, committed 77248K, reserved 1179648K
  class space    used 10723K, committed 11776K, reserved 1048576K
}
Event: 87.575 GC heap after
{Heap after GC invocations=52 (full 0):
 garbage-first heap   total 141312K, used 87988K [0x0000000700000000, 0x0000000800000000)
  region size 2048K, 3 young (6144K), 3 survivors (6144K)
 Metaspace       used 75101K, committed 77248K, reserved 1179648K
  class space    used 10723K, committed 11776K, reserved 1048576K
}
Event: 91.042 GC heap before
{Heap before GC invocations=53 (full 0):
 garbage-first heap   total 151552K, used 130996K [0x0000000700000000, 0x0000000800000000)
  region size 2048K, 21 young (43008K), 3 survivors (6144K)
 Metaspace       used 76018K, committed 78208K, reserved 1179648K
  class space    used 10865K, committed 11904K, reserved 1048576K
}
Event: 91.051 GC heap after
{Heap after GC invocations=54 (full 0):
 garbage-first heap   total 151552K, used 106444K [0x0000000700000000, 0x0000000800000000)
  region size 2048K, 3 young (6144K), 3 survivors (6144K)
 Metaspace       used 76018K, committed 78208K, reserved 1179648K
  class space    used 10865K, committed 11904K, reserved 1048576K
}
Event: 91.763 GC heap before
{Heap before GC invocations=54 (full 0):
 garbage-first heap   total 151552K, used 135116K [0x0000000700000000, 0x0000000800000000)
  region size 2048K, 17 young (34816K), 3 survivors (6144K)
 Metaspace       used 78111K, committed 80384K, reserved 1179648K
  class space    used 11105K, committed 12224K, reserved 1048576K
}
Event: 91.771 GC heap after
{Heap after GC invocations=55 (full 0):
 garbage-first heap   total 151552K, used 107530K [0x0000000700000000, 0x0000000800000000)
  region size 2048K, 2 young (4096K), 2 survivors (4096K)
 Metaspace       used 78111K, committed 80384K, reserved 1179648K
  class space    used 11105K, committed 12224K, reserved 1048576K
}
Event: 92.664 GC heap before
{Heap before GC invocations=55 (full 0):
 garbage-first heap   total 151552K, used 134154K [0x0000000700000000, 0x0000000800000000)
  region size 2048K, 15 young (30720K), 2 survivors (4096K)
 Metaspace       used 80481K, committed 82688K, reserved 1179648K
  class space    used 11351K, committed 12416K, reserved 1048576K
}
Event: 92.669 GC heap after
{Heap after GC invocations=56 (full 0):
 garbage-first heap   total 151552K, used 108364K [0x0000000700000000, 0x0000000800000000)
  region size 2048K, 2 young (4096K), 2 survivors (4096K)
 Metaspace       used 80481K, committed 82688K, reserved 1179648K
  class space    used 11351K, committed 12416K, reserved 1048576K
}
Event: 93.477 GC heap before
{Heap before GC invocations=57 (full 0):
 garbage-first heap   total 184320K, used 132940K [0x0000000700000000, 0x0000000800000000)
  region size 2048K, 15 young (30720K), 2 survivors (4096K)
 Metaspace       used 81144K, committed 83392K, reserved 1179648K
  class space    used 11475K, committed 12608K, reserved 1048576K
}
Event: 93.487 GC heap after
{Heap after GC invocations=58 (full 0):
 garbage-first heap   total 184320K, used 112453K [0x0000000700000000, 0x0000000800000000)
  region size 2048K, 2 young (4096K), 2 survivors (4096K)
 Metaspace       used 81144K, committed 83392K, reserved 1179648K
  class space    used 11475K, committed 12608K, reserved 1048576K
}
Event: 99.493 GC heap before
{Heap before GC invocations=58 (full 0):
 garbage-first heap   total 184320K, used 161605K [0x0000000700000000, 0x0000000800000000)
  region size 2048K, 26 young (53248K), 2 survivors (4096K)
 Metaspace       used 84691K, committed 86976K, reserved 1179648K
  class space    used 11913K, committed 13056K, reserved 1048576K
}
Event: 99.502 GC heap after
{Heap after GC invocations=59 (full 0):
 garbage-first heap   total 184320K, used 114280K [0x0000000700000000, 0x0000000800000000)
  region size 2048K, 4 young (8192K), 4 survivors (8192K)
 Metaspace       used 84691K, committed 86976K, reserved 1179648K
  class space    used 11913K, committed 13056K, reserved 1048576K
}
Event: 102.169 GC heap before
{Heap before GC invocations=59 (full 0):
 garbage-first heap   total 184320K, used 167528K [0x0000000700000000, 0x0000000800000000)
  region size 2048K, 28 young (57344K), 4 survivors (8192K)
 Metaspace       used 87722K, committed 90048K, reserved 1179648K
  class space    used 12304K, committed 13440K, reserved 1048576K
}
Event: 102.182 GC heap after
{Heap after GC invocations=60 (full 0):
 garbage-first heap   total 184320K, used 121496K [0x0000000700000000, 0x0000000800000000)
  region size 2048K, 3 young (6144K), 3 survivors (6144K)
 Metaspace       used 87722K, committed 90048K, reserved 1179648K
  class space    used 12304K, committed 13440K, reserved 1048576K
}
Event: 105.169 GC heap before
{Heap before GC invocations=60 (full 0):
 garbage-first heap   total 184320K, used 166552K [0x0000000700000000, 0x0000000800000000)
  region size 2048K, 25 young (51200K), 3 survivors (6144K)
 Metaspace       used 88194K, committed 90560K, reserved 1179648K
  class space    used 12377K, committed 13568K, reserved 1048576K
}
Event: 105.189 GC heap after
{Heap after GC invocations=61 (full 0):
 garbage-first heap   total 184320K, used 126197K [0x0000000700000000, 0x0000000800000000)
  region size 2048K, 4 young (8192K), 4 survivors (8192K)
 Metaspace       used 88194K, committed 90560K, reserved 1179648K
  class space    used 12377K, committed 13568K, reserved 1048576K
}
Event: 123.518 GC heap before
{Heap before GC invocations=62 (full 0):
 garbage-first heap   total 212992K, used 161013K [0x0000000700000000, 0x0000000800000000)
  region size 2048K, 22 young (45056K), 4 survivors (8192K)
 Metaspace       used 88558K, committed 90880K, reserved 1179648K
  class space    used 12394K, committed 13568K, reserved 1048576K
}
Event: 123.685 GC heap after
{Heap after GC invocations=63 (full 0):
 garbage-first heap   total 212992K, used 130611K [0x0000000700000000, 0x0000000800000000)
  region size 2048K, 3 young (6144K), 3 survivors (6144K)
 Metaspace       used 88558K, committed 90880K, reserved 1179648K
  class space    used 12394K, committed 13568K, reserved 1048576K
}

