# JRE version: OpenJDK Runtime Environment Temurin-21.0.4+7 (21.0.4+7) (build 21.0.4+7-LTS)
# Java VM: OpenJDK 64-Bit Server VM Temurin-21.0.4+7 (21.0.4+7-LTS, mixed mode, sharing, tiered, compressed oops, compressed class ptrs, g1 gc, windows-amd64)
GC Precious Log:
 CardTable entry size: 512
 Card Set container configuration: InlinePtr #cards 4 size 8 Array Of Cards #cards 16 size 48 Howl #buckets 8 coarsen threshold 3686 Howl Bitmap #cards 512 size 80 coarsen threshold 460 Card regions per heap region 1 cards per card region 4096
 CPUs: 4 total, 4 available
 Memory: 3783M
 Large Page Support: Disabled
 NUMA Support: Disabled
 Compressed Oops: Enabled (Zero based)
 Heap Region Size: 2M
 Heap Min Capacity: 8M
 Heap Initial Capacity: 60M
 Heap Max Capacity: 4G
 Pre-touch: Disabled
 Parallel Workers: 4
 Concurrent Workers: 1
 Concurrent Refinement Workers: 4
 Periodic GC: Disabled
Heap:
 garbage-first heap   total 143360K, used 84835K [0x0000000700000000, 0x0000000800000000)
  region size 2048K, 1 young (2048K), 1 survivors (2048K)
 Metaspace       used 75192K, committed 77376K, reserved 1179648K
  class space    used 10729K, committed 11776K, reserved 1048576K
GC Heap History (20 events):
Event: 113.901 GC heap after
{Heap after GC invocations=39 (full 0):
 garbage-first heap   total 106496K, used 66658K [0x0000000700000000, 0x0000000800000000)
  region size 2048K, 2 young (4096K), 2 survivors (4096K)
 Metaspace       used 64289K, committed 66368K, reserved 1114112K
  class space    used 9156K, committed 10176K, reserved 1048576K
}
Event: 119.339 GC heap before
{Heap before GC invocations=39 (full 0):
 garbage-first heap   total 106496K, used 91234K [0x0000000700000000, 0x0000000800000000)
  region size 2048K, 14 young (28672K), 2 survivors (4096K)
 Metaspace       used 66185K, committed 68288K, reserved 1114112K
  class space    used 9403K, committed 10432K, reserved 1048576K
}
Event: 119.354 GC heap after
{Heap after GC invocations=40 (full 0):
 garbage-first heap   total 106496K, used 68393K [0x0000000700000000, 0x0000000800000000)
  region size 2048K, 2 young (4096K), 2 survivors (4096K)
 Metaspace       used 66185K, committed 68288K, reserved 1114112K
  class space    used 9403K, committed 10432K, reserved 1048576K
}
Event: 124.155 GC heap before
{Heap before GC invocations=41 (full 0):
 garbage-first heap   total 120832K, used 90921K [0x0000000700000000, 0x0000000800000000)
  region size 2048K, 13 young (26624K), 2 survivors (4096K)
 Metaspace       used 67577K, committed 69632K, reserved 1114112K
  class space    used 9582K, committed 10624K, reserved 1048576K
}
Event: 124.164 GC heap after
{Heap after GC invocations=42 (full 0):
 garbage-first heap   total 120832K, used 69123K [0x0000000700000000, 0x0000000800000000)
  region size 2048K, 1 young (2048K), 1 survivors (2048K)
 Metaspace       used 67577K, committed 69632K, reserved 1114112K
  class space    used 9582K, committed 10624K, reserved 1048576K
}
Event: 126.238 GC heap before
{Heap before GC invocations=42 (full 0):
 garbage-first heap   total 120832K, used 108035K [0x0000000700000000, 0x0000000800000000)
  region size 2048K, 20 young (40960K), 1 survivors (2048K)
 Metaspace       used 69713K, committed 71872K, reserved 1114112K
  class space    used 9886K, committed 10944K, reserved 1048576K
}
Event: 126.263 GC heap after
{Heap after GC invocations=43 (full 0):
 garbage-first heap   total 120832K, used 72327K [0x0000000700000000, 0x0000000800000000)
  region size 2048K, 3 young (6144K), 3 survivors (6144K)
 Metaspace       used 69713K, committed 71872K, reserved 1114112K
  class space    used 9886K, committed 10944K, reserved 1048576K
}
Event: 130.210 GC heap before
{Heap before GC invocations=43 (full 0):
 garbage-first heap   total 120832K, used 105095K [0x0000000700000000, 0x0000000800000000)
  region size 2048K, 19 young (38912K), 3 survivors (6144K)
 Metaspace       used 72300K, committed 74432K, reserved 1114112K
  class space    used 10296K, committed 11328K, reserved 1048576K
}
Event: 130.230 GC heap after
{Heap after GC invocations=44 (full 0):
 garbage-first heap   total 120832K, used 75078K [0x0000000700000000, 0x0000000800000000)
  region size 2048K, 2 young (4096K), 2 survivors (4096K)
 Metaspace       used 72300K, committed 74432K, reserved 1114112K
  class space    used 10296K, committed 11328K, reserved 1048576K
}
Event: 137.932 GC heap before
{Heap before GC invocations=45 (full 0):
 garbage-first heap   total 131072K, used 105798K [0x0000000700000000, 0x0000000800000000)
  region size 2048K, 17 young (34816K), 2 survivors (4096K)
 Metaspace       used 74463K, committed 76608K, reserved 1114112K
  class space    used 10699K, committed 11776K, reserved 1048576K
}
Event: 137.949 GC heap after
{Heap after GC invocations=46 (full 0):
 garbage-first heap   total 131072K, used 78115K [0x0000000700000000, 0x0000000800000000)
  region size 2048K, 3 young (6144K), 3 survivors (6144K)
 Metaspace       used 74463K, committed 76608K, reserved 1114112K
  class space    used 10699K, committed 11776K, reserved 1048576K
}
Event: 161.318 GC heap before
{Heap before GC invocations=46 (full 0):
 garbage-first heap   total 131072K, used 112931K [0x0000000700000000, 0x0000000800000000)
  region size 2048K, 21 young (43008K), 3 survivors (6144K)
 Metaspace       used 75105K, committed 77248K, reserved 1179648K
  class space    used 10727K, committed 11776K, reserved 1048576K
}
Event: 162.553 GC heap after
{Heap after GC invocations=47 (full 0):
 garbage-first heap   total 131072K, used 81061K [0x0000000700000000, 0x0000000800000000)
  region size 2048K, 3 young (6144K), 3 survivors (6144K)
 Metaspace       used 75105K, committed 77248K, reserved 1179648K
  class space    used 10727K, committed 11776K, reserved 1048576K
}
Event: 180.608 GC heap before
{Heap before GC invocations=47 (full 0):
 garbage-first heap   total 131072K, used 113829K [0x0000000700000000, 0x0000000800000000)
  region size 2048K, 20 young (40960K), 3 survivors (6144K)
 Metaspace       used 75181K, committed 77376K, reserved 1179648K
  class space    used 10728K, committed 11776K, reserved 1048576K
}
Event: 180.729 GC heap after
{Heap after GC invocations=48 (full 0):
 garbage-first heap   total 131072K, used 83682K [0x0000000700000000, 0x0000000800000000)
  region size 2048K, 2 young (4096K), 2 survivors (4096K)
 Metaspace       used 75181K, committed 77376K, reserved 1179648K
  class space    used 10728K, committed 11776K, reserved 1048576K
}
Event: 190.874 GC heap before
{Heap before GC invocations=49 (full 0):
 garbage-first heap   total 143360K, used 114402K [0x0000000700000000, 0x0000000800000000)
  region size 2048K, 18 young (36864K), 2 survivors (4096K)
 Metaspace       used 75192K, committed 77376K, reserved 1179648K
  class space    used 10729K, committed 11776K, reserved 1048576K
}
Event: 190.913 GC heap after
{Heap after GC invocations=50 (full 0):
 garbage-first heap   total 143360K, used 84478K [0x0000000700000000, 0x0000000800000000)
  region size 2048K, 3 young (6144K), 3 survivors (6144K)
 Metaspace       used 75192K, committed 77376K, reserved 1179648K
  class space    used 10729K, committed 11776K, reserved 1048576K
}
Event: 191.043 GC heap before
{Heap before GC invocations=50 (full 0):
 garbage-first heap   total 143360K, used 86526K [0x0000000700000000, 0x0000000800000000)
  region size 2048K, 4 young (8192K), 3 survivors (6144K)
 Metaspace       used 75192K, committed 77376K, reserved 1179648K
  class space    used 10729K, committed 11776K, reserved 1048576K
}
Event: 191.071 GC heap after
{Heap after GC invocations=51 (full 0):
 garbage-first heap   total 143360K, used 84379K [0x0000000700000000, 0x0000000800000000)
  region size 2048K, 1 young (2048K), 1 survivors (2048K)
 Metaspace       used 75192K, committed 77376K, reserved 1179648K
  class space    used 10729K, committed 11776K, reserved 1048576K
}
Event: 191.899 GC heap before
{Heap before GC invocations=51 (full 0):
 garbage-first heap   total 143360K, used 94619K [0x0000000700000000, 0x0000000800000000)
  region size 2048K, 6 young (12288K), 1 survivors (2048K)
 Metaspace       used 75192K, committed 77376K, reserved 1179648K
  class space    used 10729K, committed 11776K, reserved 1048576K
}

